#
# There is insufficient memory for the Java Runtime Environment to continue.
# Native memory allocation (malloc) failed to allocate 32784 bytes for Chunk::new
# Possible reasons:
#   The system is out of physical RAM or swap space
#   In 32 bit mode, the process size limit was hit
# Possible solutions:
#   Reduce memory load on the system
#   Increase physical memory or swap space
#   Check if swap backing store is full
#   Use 64 bit Java on a 64 bit OS
#   Decrease Java heap size (-Xmx/-Xms)
#   Decrease number of Java threads
#   Decrease Java thread stack sizes (-Xss)
#   Set larger code cache with -XX:ReservedCodeCacheSize=
# This output file may be truncated or incomplete.
#
#  Out of Memory Error (allocation.cpp:390), pid=6864, tid=1324
#
# JRE version: Java(TM) SE Runtime Environment (8.0_73-b02) (build 1.8.0_73-b02)
# Java VM: Java HotSpot(TM) 64-Bit Server VM (25.73-b02 mixed mode windows-amd64 compressed oops)
# Failed to write core dump. Minidumps are not enabled by default on client versions of Windows
#

---------------  T H R E A D  ---------------

Current thread (0x00000000078d4000):  JavaThread "C2 CompilerThread1" daemon [_thread_in_native, id=1324, stack(0x0000000007e50000,0x0000000007f50000)]

Stack: [0x0000000007e50000,0x0000000007f50000]
[error occurred during error reporting (printing stack bounds), id 0xc0000005]

Native frames: (J=compiled Java code, j=interpreted, Vv=VM code, C=native code)


Current CompileTask:
C2:   5280 1338       4       com.android.dx.dex.code.RopToDop::dopFor (792 bytes)


---------------  P R O C E S S  ---------------

Java Threads: ( => current thread )
  0x00000000078dc000 JavaThread "Service Thread" daemon [_thread_blocked, id=5200, stack(0x0000000008020000,0x0000000008120000)]
  0x00000000078d9000 JavaThread "C1 CompilerThread2" daemon [_thread_blocked, id=6484, stack(0x0000000007d50000,0x0000000007e50000)]
=>0x00000000078d4000 JavaThread "C2 CompilerThread1" daemon [_thread_in_native, id=1324, stack(0x0000000007e50000,0x0000000007f50000)]
  0x0000000005f7f800 JavaThread "C2 CompilerThread0" daemon [_thread_in_native, id=7088, stack(0x00000000074c0000,0x00000000075c0000)]
  0x0000000005f7c800 JavaThread "Attach Listener" daemon [_thread_blocked, id=6640, stack(0x0000000007780000,0x0000000007880000)]
  0x0000000005f8d800 JavaThread "Signal Dispatcher" daemon [_thread_blocked, id=4532, stack(0x00000000075f0000,0x00000000076f0000)]
  0x0000000005f21800 JavaThread "Finalizer" daemon [_thread_blocked, id=6432, stack(0x00000000073a0000,0x00000000074a0000)]
  0x0000000005f20800 JavaThread "Reference Handler" daemon [_thread_blocked, id=2224, stack(0x0000000007280000,0x0000000007380000)]
  0x00000000021de800 JavaThread "main" [_thread_in_Java, id=4108, stack(0x0000000002520000,0x0000000002620000)]

Other Threads:
  0x0000000005f1a800 VMThread [stack: 0x0000000007080000,0x0000000007180000] [id=7044]
  0x00000000078eb800 WatcherThread [stack: 0x0000000008210000,0x0000000008310000] [id=6192]

VM state:not at safepoint (normal execution)

VM Mutex/Monitor currently owned by a thread: None

Heap:
 PSYoungGen      total 38400K, used 6775K [0x00000000eab00000, 0x00000000ed580000, 0x0000000100000000)
  eden space 33280K, 5% used [0x00000000eab00000,0x00000000eaca0038,0x00000000ecb80000)
  from space 5120K, 99% used [0x00000000ecb80000,0x00000000ed07dc88,0x00000000ed080000)
  to   space 5120K, 0% used [0x00000000ed080000,0x00000000ed080000,0x00000000ed580000)
 ParOldGen       total 87552K, used 1835K [0x00000000c0000000, 0x00000000c5580000, 0x00000000eab00000)
  object space 87552K, 2% used [0x00000000c0000000,0x00000000c01cafd0,0x00000000c5580000)
 Metaspace       used 5779K, capacity 7024K, committed 7296K, reserved 1056768K
  class space    used 562K, capacity 616K, committed 640K, reserved 1048576K

Card table byte_map: [0x0000000002cb0000,0x0000000002ec0000] byte_map_base: 0x00000000026b0000

Marking Bits: (ParMarkBitMap*) 0x00000000603c0600
 Begin Bits: [0x0000000003390000, 0x0000000004390000)
 End Bits:   [0x0000000004390000, 0x0000000005390000)

Polling page: 0x0000000000430000

CodeCache: size=245760Kb used=5693Kb max_used=5704Kb free=240067Kb
 bounds [0x000000000f010000, 0x000000000f5b0000, 0x000000001e010000]
 total_blobs=1603 nmethods=1341 adapters=176
 compilation: enabled

Compilation events (10 events):
Event: 5.268 Thread 0x00000000078d4000 nmethod 1336 0x000000000f5a1950 code [0x000000000f5a1aa0, 0x000000000f5a1c18]
Event: 5.268 Thread 0x00000000078d4000 1338       4       com.android.dx.dex.code.RopToDop::dopFor (792 bytes)
Event: 5.270 Thread 0x00000000078d9000 1340       1       com.android.dx.dex.file.DexFile::getStringIds (5 bytes)
Event: 5.270 Thread 0x00000000078d9000 nmethod 1340 0x000000000f58b8d0 code [0x000000000f58ba20, 0x000000000f58bb30]
Event: 5.272 Thread 0x00000000078d9000 1341       3       com.android.dx.dex.file.CodeItem::<init> (81 bytes)
Event: 5.273 Thread 0x00000000078d9000 nmethod 1341 0x000000000f5a10d0 code [0x000000000f5a1280, 0x000000000f5a1778]
Event: 5.275 Thread 0x00000000078d9000 1344       3       com.android.dx.rop.annotation.Annotations::add (75 bytes)
Event: 5.276 Thread 0x00000000078d9000 nmethod 1344 0x000000000f5a3cd0 code [0x000000000f5a3f40, 0x000000000f5a4e28]
Event: 5.276 Thread 0x0000000005f7f800 nmethod 1337 0x000000000f59ebd0 code [0x000000000f59ed40, 0x000000000f59f378]
Event: 5.276 Thread 0x0000000005f7f800 1339       4       com.android.dx.rop.cst.StdConstantPool::set (123 bytes)

GC Heap History (2 events):
Event: 4.831 GC heap before
{Heap before GC invocations=1 (full 0):
 PSYoungGen      total 38400K, used 33280K [0x00000000eab00000, 0x00000000ed580000, 0x0000000100000000)
  eden space 33280K, 100% used [0x00000000eab00000,0x00000000ecb80000,0x00000000ecb80000)
  from space 5120K, 0% used [0x00000000ed080000,0x00000000ed080000,0x00000000ed580000)
  to   space 5120K, 0% used [0x00000000ecb80000,0x00000000ecb80000,0x00000000ed080000)
 ParOldGen       total 87552K, used 0K [0x00000000c0000000, 0x00000000c5580000, 0x00000000eab00000)
  object space 87552K, 0% used [0x00000000c0000000,0x00000000c0000000,0x00000000c5580000)
 Metaspace       used 5773K, capacity 7024K, committed 7296K, reserved 1056768K
  class space    used 562K, capacity 616K, committed 640K, reserved 1048576K
Event: 5.172 GC heap after
Heap after GC invocations=1 (full 0):
 PSYoungGen      total 38400K, used 5111K [0x00000000eab00000, 0x00000000ed580000, 0x0000000100000000)
  eden space 33280K, 0% used [0x00000000eab00000,0x00000000eab00000,0x00000000ecb80000)
  from space 5120K, 99% used [0x00000000ecb80000,0x00000000ed07dc88,0x00000000ed080000)
  to   space 5120K, 0% used [0x00000000ed080000,0x00000000ed080000,0x00000000ed580000)
 ParOldGen       total 87552K, used 1835K [0x00000000c0000000, 0x00000000c5580000, 0x00000000eab00000)
  object space 87552K, 2% used [0x00000000c0000000,0x00000000c01cafd0,0x00000000c5580000)
 Metaspace       used 5773K, capacity 7024K, committed 7296K, reserved 1056768K
  class space    used 562K, capacity 616K, committed 640K, reserved 1048576K
}

Deoptimization events (10 events):
Event: 4.014 Thread 0x00000000021de800 Uncommon trap: reason=unstable_if action=reinterpret pc=0x000000000f270360 method=java.util.BitSet.nextSetBit(I)I @ 87
Event: 4.142 Thread 0x00000000021de800 Uncommon trap: reason=unstable_if action=reinterpret pc=0x000000000f3d5084 method=com.android.dx.rop.cst.Constant.compareTo(Lcom/android/dx/rop/cst/Constant;)I @ 12
Event: 4.240 Thread 0x00000000021de800 Uncommon trap: reason=unstable_if action=reinterpret pc=0x000000000f3e7fe4 method=com.android.dx.rop.code.LocalItem.hashCode()I @ 25
Event: 4.241 Thread 0x00000000021de800 Uncommon trap: reason=unstable_if action=reinterpret pc=0x000000000f391564 method=com.android.dx.rop.code.LocalItem.hashCode()I @ 25
Event: 4.242 Thread 0x00000000021de800 Uncommon trap: reason=unstable_if action=reinterpret pc=0x000000000f42111c method=com.android.dx.rop.code.RegisterSpecSet.put(Lcom/android/dx/rop/code/RegisterSpec;)V @ 77
Event: 4.242 Thread 0x00000000021de800 Uncommon trap: reason=unstable_if action=reinterpret pc=0x000000000f424f58 method=com.android.dx.rop.code.RegisterSpecSet.put(Lcom/android/dx/rop/code/RegisterSpec;)V @ 77
Event: 4.244 Thread 0x00000000021de800 Uncommon trap: reason=unstable_if action=reinterpret pc=0x000000000f386b5c method=com.android.dx.rop.code.LocalItem.hashCode()I @ 25
Event: 4.291 Thread 0x00000000021de800 Uncommon trap: reason=unstable_if action=reinterpret pc=0x000000000f45ee80 method=com.android.dx.ssa.SsaRenamer$BlockRenamer.addMapping(ILcom/android/dx/rop/code/RegisterSpec;)V @ 120
Event: 4.312 Thread 0x00000000021de800 Uncommon trap: reason=bimorphic action=maybe_recompile pc=0x000000000f4282bc method=java.util.HashMap.getNode(ILjava/lang/Object;)Ljava/util/HashMap$Node; @ 126
Event: 4.444 Thread 0x00000000021de800 Uncommon trap: reason=null_check action=make_not_entrant pc=0x000000000f3d5450 method=com.android.dx.rop.type.Type.equals(Ljava/lang/Object;)Z @ 8

Internal exceptions (3 events):
Event: 0.750 Thread 0x00000000021de800 Exception <a 'java/lang/NoSuchMethodError': Method sun.misc.Unsafe.defineClass(Ljava/lang/String;[BII)Ljava/lang/Class; name or signature does not match> (0x00000000eab130f8) thrown at [D:\re\puppet\workspace\8-2-build-windows-amd64-cygwin\jdk8u73\6086\hot¹Ñ˜¾üç?
Event: 0.750 Thread 0x00000000021de800 Exception <a 'java/lang/NoSuchMethodError': Method sun.misc.Unsafe.prefetchRead(Ljava/lang/Object;J)V name or signature does not match> (0x00000000eab133e0) thrown at [D:\re\puppet\workspace\8-2-build-windows-amd64-cygwin\jdk8u73\6086\hotspot\src\share\vm\Áôš/;Æ@
Event: 4.444 Thread 0x00000000021de800 Implicit null exception at 0x000000000f3d5352 to 0x000000000f3d5442

Events (10 events):
Event: 4.312 Thread 0x00000000021de800 Uncommon trap: trap_request=0xffffffc6 fr.pc=0x000000000f4282bc
Event: 4.312 Thread 0x00000000021de800 DEOPT PACKING pc=0x000000000f4282bc sp=0x000000000261e920
Event: 4.312 Thread 0x00000000021de800 DEOPT UNPACKING pc=0x000000000f05582a sp=0x000000000261e858 mode 2
Event: 4.372 loading class com/android/dx/cf/code/SwitchList
Event: 4.372 loading class com/android/dx/cf/code/SwitchList done
Event: 4.444 Thread 0x00000000021de800 Uncommon trap: trap_request=0xfffffff4 fr.pc=0x000000000f3d5450
Event: 4.444 Thread 0x00000000021de800 DEOPT PACKING pc=0x000000000f3d5450 sp=0x000000000261e560
Event: 4.444 Thread 0x00000000021de800 DEOPT UNPACKING pc=0x000000000f05582a sp=0x000000000261e4e8 mode 2
Event: 4.831 Executing VM operation: ParallelGCFailedAllocation
Event: 5.172 Executing VM operation: ParallelGCFailedAllocation done


Dynamic libraries:
0x000000013f3c0000 - 0x000000013f3f7000 	C:\Program Files\Java\jdk1.8.0_73\bin\java.exe
0x0000000076d30000 - 0x0000000076edb000 	C:\Windows\SYSTEM32\ntdll.dll
0x0000000076c10000 - 0x0000000076d2f000 	C:\Windows\system32\kernel32.dll
0x000007fefcd40000 - 0x000007fefcdab000 	C:\Windows\system32\KERNELBASE.dll
0x000007fefdd10000 - 0x000007fefddeb000 	C:\Windows\system32\ADVAPI32.dll
0x000007fefdb90000 - 0x000007fefdc2f000 	C:\Windows\system32\msvcrt.dll
0x000007fefd190000 - 0x000007fefd1af000 	C:\Windows\SYSTEM32\sechost.dll
0x000007fefd360000 - 0x000007fefd48e000 	C:\Windows\system32\RPCRT4.dll
0x0000000076b10000 - 0x0000000076c0a000 	C:\Windows\system32\USER32.dll
0x000007fefdb20000 - 0x000007fefdb87000 	C:\Windows\system32\GDI32.dll
0x000007fefe0d0000 - 0x000007fefe0de000 	C:\Windows\system32\LPK.dll
0x000007fefd0b0000 - 0x000007fefd17a000 	C:\Windows\system32\USP10.dll
0x000007fefb710000 - 0x000007fefb904000 	C:\Windows\WinSxS\amd64_microsoft.windows.common-controls_6595b64144ccf1df_6.0.7600.16385_none_fa645303170382f6\COMCTL32.dll
0x000007fefe050000 - 0x000007fefe0c1000 	C:\Windows\system32\SHLWAPI.dll
0x000007fefd510000 - 0x000007fefd53e000 	C:\Windows\system32\IMM32.DLL
0x000007fefd1b0000 - 0x000007fefd2b9000 	C:\Windows\system32\MSCTF.dll
0x000007fefcc50000 - 0x000007fefcc81000 	C:\Windows\system32\nvinitx.dll
0x000007fefcc40000 - 0x000007fefcc4c000 	C:\Windows\system32\VERSION.dll
0x000000000f000000 - 0x000000000f006000 	C:\Program Files\NVIDIA Corporation\CoProcManager\detoured.dll
0x000007fef9c90000 - 0x000007fef9cc1000 	C:\Program Files\NVIDIA Corporation\CoProcManager\nvd3d9wrapx.dll
0x000007fefd920000 - 0x000007fefdaf7000 	C:\Windows\system32\SETUPAPI.dll
0x000007fefcf40000 - 0x000007fefcf76000 	C:\Windows\system32\CFGMGR32.dll
0x000007fefdc30000 - 0x000007fefdd07000 	C:\Windows\system32\OLEAUT32.dll
0x000007fefddf0000 - 0x000007fefdff1000 	C:\Windows\system32\ole32.dll
0x000007fefcf20000 - 0x000007fefcf3a000 	C:\Windows\system32\DEVOBJ.dll
0x000007fef9c60000 - 0x000007fef9c82000 	C:\Program Files\NVIDIA Corporation\CoProcManager\nvdxgiwrapx.dll
0x00000000608d0000 - 0x00000000609a2000 	C:\Program Files\Java\jdk1.8.0_73\jre\bin\msvcr100.dll
0x000000005fbb0000 - 0x0000000060440000 	C:\Program Files\Java\jdk1.8.0_73\jre\bin\server\jvm.dll
0x000007fef81a0000 - 0x000007fef81a9000 	C:\Windows\system32\WSOCK32.dll
0x000007fefe000000 - 0x000007fefe04d000 	C:\Windows\system32\WS2_32.dll
0x000007fefd180000 - 0x000007fefd188000 	C:\Windows\system32\NSI.dll
0x000007fefadf0000 - 0x000007fefae2b000 	C:\Windows\system32\WINMM.dll
0x0000000076f00000 - 0x0000000076f07000 	C:\Windows\system32\PSAPI.DLL
0x0000000063900000 - 0x000000006390f000 	C:\Program Files\Java\jdk1.8.0_73\jre\bin\verify.dll
0x0000000063780000 - 0x00000000637a9000 	C:\Program Files\Java\jdk1.8.0_73\jre\bin\java.dll
0x0000000063800000 - 0x0000000063816000 	C:\Program Files\Java\jdk1.8.0_73\jre\bin\zip.dll
0x000007fefe210000 - 0x000007fefef96000 	C:\Windows\system32\SHELL32.dll
0x000007fefcc90000 - 0x000007fefcc9f000 	C:\Windows\system32\profapi.dll

VM Arguments:
jvm_args: -Djava.awt.headless=true -Xmx1024M -Dfile.encoding=windows-1251 -Duser.country=RU -Duser.language=ru -Duser.variant 
java_command: com.android.dx.command.Main --dex --force-jumbo --output C:\Files and Programs\Projects\AndroidWorkSpace\Fifteenbeta\app\build\intermediates\pre-dexed\debug\com.android.support-appcompat-v7-22.2.1_1f78f14683c8879a190ddf07eaeb8149fa51929f.jar C:\Files and Programs\Projects\AndroidWorkSpace\Fifteenbeta\app\build\intermediates\exploded-aar\com.android.support\appcompat-v7\22.2.1\jars\classes.jar
java_class_path (initial): C:\Files and Programs\Program Files\AndroidSDK\build-tools\21.1.2\lib\dx.jar
Launcher Type: SUN_STANDARD

Environment Variables:
JAVA_HOME=C:\Program Files\Java\jdk1.8.0_73
PATH=C:\ProgramData\Oracle\Java\javapath;C:\Program Files (x86)\Common Files\Intel\Shared Files\cpp\bin\Intel64;C:\Program Files (x86)\Intel\iCLS Client\;C:\Program Files\Intel\iCLS Client\;C:\Windows\system32;C:\Windows;C:\Windows\System32\Wbem;C:\Windows\System32\WindowsPowerShell\v1.0\;C:\Program Files\Intel\Intel(R) Management Engine Components\DAL;C:\Program Files\Intel\Intel(R) Management Engine Components\IPT;C:\Program Files (x86)\Intel\Intel(R) Management Engine Components\DAL;C:\Program Files (x86)\Intel\Intel(R) Management Engine Components\IPT;C:\Program Files (x86)\Intel\OpenCL SDK\2.0\bin\x86;C:\Program Files (x86)\Intel\OpenCL SDK\2.0\bin\x64;C:\Program Files (x86)\NVIDIA Corporation\PhysX\Common;C:\Program Files (x86)\Common Files\Acronis\SnapAPI\;%JAVA_HOME%\bin;C:\Program Files (x86)\Skype\Phone\;E:\Program Files\DataBase\mysql-5.6.26-winx64\bin;C:\Program Files\Android\Android Studio\gradle\gradle-2.10\bin;C:\Files and Programs\Program Files\apache-maven-3.3.3\bin;C:\Program Files (x86)\QuickTime\QTSystem\;;C:\Program Files (x86)\Common Files\Acronis\TibMounter64;C:\Program Files (x86)\Common Files\Acronis\SnapAPI64;C:\Program Files (x86)\Common Files\Acronis\Tib64
USERNAME=Lokki
OS=Windows_NT
PROCESSOR_IDENTIFIER=Intel64 Family 6 Model 58 Stepping 9, GenuineIntel



---------------  S Y S T E M  ---------------

OS: Windows 7 , 64 bit Build 7600 (6.1.7600.16385)

CPU:total 4 (2 cores per cpu, 2 threads per core) family 6 model 58 stepping 9, cmov, cx8, fxsr, mmx, sse, sse2, sse3, ssse3, sse4.1, sse4.2, popcnt, aes, clmul, erms, ht, tsc, tscinvbit, tscinv

Memory: 4k page, physical 8288620k(864288k free), swap 8286716k(5116k free)

vm_info: Java HotSpot(TM) 64-Bit Server VM (25.73-b02) for windows-amd64 JRE (1.8.0_73-b02), built on Jan 29 2016 17:38:49 by "java_re" with MS VC++ 10.0 (VS2010)

time: Sun Apr 24 00:26:12 2016
elapsed time: 5 seconds (0d 0h 0m 5s)

