#
# There is insufficient memory for the Java Runtime Environment to continue.
# Native memory allocation (malloc) failed to allocate 861056 bytes for Chunk::new
# Possible reasons:
#   The system is out of physical RAM or swap space
#   In 32 bit mode, the process size limit was hit
# Possible solutions:
#   Reduce memory load on the system
#   Increase physical memory or swap space
#   Check if swap backing store is full
#   Use 64 bit Java on a 64 bit OS
#   Decrease Java heap size (-Xmx/-Xms)
#   Decrease number of Java threads
#   Decrease Java thread stack sizes (-Xss)
#   Set larger code cache with -XX:ReservedCodeCacheSize=
# This output file may be truncated or incomplete.
#
#  Out of Memory Error (allocation.cpp:390), pid=5368, tid=4704
#
# JRE version: Java(TM) SE Runtime Environment (8.0_73-b02) (build 1.8.0_73-b02)
# Java VM: Java HotSpot(TM) 64-Bit Server VM (25.73-b02 mixed mode windows-amd64 compressed oops)
# Failed to write core dump. Minidumps are not enabled by default on client versions of Windows
#

---------------  T H R E A D  ---------------

Current thread (0x0000000007a14800):  JavaThread "C2 CompilerThread1" daemon [_thread_in_native, id=4704, stack(0x00000000072e0000,0x00000000073e0000)]

Stack: [0x00000000072e0000,0x00000000073e0000]
[error occurred during error reporting (printing stack bounds), id 0xc0000005]

Native frames: (J=compiled Java code, j=interpreted, Vv=VM code, C=native code)


Current CompileTask:
C2:   6721 1669       4      
[error occurred during error reporting (printing current compile task), id 0xe0000001]


---------------  P R O C E S S  ---------------

Java Threads: ( => current thread )
  0x0000000007a1c000 JavaThread "Service Thread" daemon [_thread_blocked, id=5256, stack(0x0000000008100000,0x0000000008200000)]
  0x0000000007a16000 JavaThread "C1 CompilerThread2" daemon [_thread_blocked, id=6816, stack(0x0000000007f10000,0x0000000008010000)]
=>0x0000000007a14800 JavaThread "C2 CompilerThread1" daemon [_thread_in_native, id=4704, stack(0x00000000072e0000,0x00000000073e0000)]
  0x0000000005fe1800 JavaThread "C2 CompilerThread0" daemon [_thread_in_native, id=6980, stack(0x00000000078c0000,0x00000000079c0000)]
  0x0000000005fde800 JavaThread "Attach Listener" daemon [_thread_blocked, id=5672, stack(0x0000000007720000,0x0000000007820000)]
  0x0000000005fed800 JavaThread "Signal Dispatcher" daemon [_thread_blocked, id=5360, stack(0x0000000007510000,0x0000000007610000)]
  0x0000000005f81800 JavaThread "Finalizer" daemon [_thread_blocked, id=7116, stack(0x0000000007400000,0x0000000007500000)]
  0x0000000005f80800 JavaThread "Reference Handler" daemon [_thread_blocked, id=5024, stack(0x0000000006fe0000,0x00000000070e0000)]
  0x00000000021ce800 JavaThread "main" [_thread_in_Java, id=5396, stack(0x00000000022b0000,0x00000000023b0000)]

Other Threads:
  0x0000000005f7b000 VMThread [stack: 0x0000000007150000,0x0000000007250000] [id=6548]
  0x0000000007a24000 WatcherThread [stack: 0x0000000008230000,0x0000000008330000] [id=5528]

VM state:not at safepoint (normal execution)

VM Mutex/Monitor currently owned by a thread: None

Heap:
 PSYoungGen      total 71680K, used 64420K [0x00000000eab00000, 0x00000000ef600000, 0x0000000100000000)
  eden space 66560K, 96% used [0x00000000eab00000,0x00000000ee9e9228,0x00000000eec00000)
  from space 5120K, 0% used [0x00000000ef100000,0x00000000ef100000,0x00000000ef600000)
  to   space 5120K, 0% used [0x00000000eec00000,0x00000000eec00000,0x00000000ef100000)
 ParOldGen       total 87552K, used 32841K [0x00000000c0000000, 0x00000000c5580000, 0x00000000eab00000)
  object space 87552K, 37% used [0x00000000c0000000,0x00000000c2012628,0x00000000c5580000)
 Metaspace       used 5776K, capacity 6960K, committed 7040K, reserved 1056768K
  class space    used 558K, capacity 616K, committed 640K, reserved 1048576K

Card table byte_map: [0x0000000002ad0000,0x0000000002ce0000] byte_map_base: 0x00000000024d0000

Marking Bits: (ParMarkBitMap*) 0x00000000603c0600
 Begin Bits: [0x00000000033f0000, 0x00000000043f0000)
 End Bits:   [0x00000000043f0000, 0x00000000053f0000)

Polling page: 0x0000000000330000

CodeCache: size=245760Kb used=7384Kb max_used=7384Kb free=238375Kb
 bounds [0x000000000f010000, 0x000000000f750000, 0x000000001e010000]
 total_blobs=1851 nmethods=1589 adapters=176
 compilation: enabled

Compilation events (10 events):
Event: 6.675 Thread 0x0000000007a16000 1677       3       com.android.dx.ssa.ConstCollector::getConstsSortedByCountUse (386 bytes)
Event: 6.680 Thread 0x0000000007a16000 nmethod 1677 0x000000000f742050 code [0x000000000f742620, 0x000000000f746908]
Event: 6.682 Thread 0x0000000007a16000 1678 %     3       com.android.dx.ssa.ConstCollector::updateConstUses @ 20 (248 bytes)
Event: 6.684 Thread 0x0000000007a16000 nmethod 1678% 0x000000000f749150 code [0x000000000f7494c0, 0x000000000f74b4f8]
Event: 6.684 Thread 0x0000000007a16000 1679       3       com.android.dx.ssa.ConstCollector::updateConstUses (248 bytes)
Event: 6.686 Thread 0x0000000007a16000 nmethod 1679 0x000000000f74c710 code [0x000000000f74ca80, 0x000000000f74e978]
Event: 6.704 Thread 0x0000000007a16000 1680 %     3       com.android.dx.ssa.back.InterferenceGraph::<init> @ 18 (42 bytes)
Event: 6.706 Thread 0x0000000007a16000 nmethod 1680% 0x000000000f7369d0 code [0x000000000f736c00, 0x000000000f737978]
Event: 6.706 Thread 0x0000000007a16000 1681       3       com.android.dx.ssa.back.InterferenceGraph::<init> (42 bytes)
Event: 6.707 Thread 0x0000000007a16000 nmethod 1681 0x000000000f735290 code [0x000000000f7354c0, 0x000000000f7361d8]

GC Heap History (10 events):
Event: 2.186 GC heap before
{Heap before GC invocations=1 (full 0):
 PSYoungGen      total 38400K, used 33280K [0x00000000eab00000, 0x00000000ed580000, 0x0000000100000000)
  eden space 33280K, 100% used [0x00000000eab00000,0x00000000ecb80000,0x00000000ecb80000)
  from space 5120K, 0% used [0x00000000ed080000,0x00000000ed080000,0x00000000ed580000)
  to   space 5120K, 0% used [0x00000000ecb80000,0x00000000ecb80000,0x00000000ed080000)
 ParOldGen       total 87552K, used 0K [0x00000000c0000000, 0x00000000c5580000, 0x00000000eab00000)
  object space 87552K, 0% used [0x00000000c0000000,0x00000000c0000000,0x00000000c5580000)
 Metaspace       used 5523K, capacity 6768K, committed 7040K, reserved 1056768K
  class space    used 555K, capacity 616K, committed 640K, reserved 1048576K
Event: 2.303 GC heap after
Heap after GC invocations=1 (full 0):
 PSYoungGen      total 38400K, used 5104K [0x00000000eab00000, 0x00000000ef600000, 0x0000000100000000)
  eden space 33280K, 0% used [0x00000000eab00000,0x00000000eab00000,0x00000000ecb80000)
  from space 5120K, 99% used [0x00000000ecb80000,0x00000000ed07c390,0x00000000ed080000)
  to   space 5120K, 0% used [0x00000000ef100000,0x00000000ef100000,0x00000000ef600000)
 ParOldGen       total 87552K, used 10847K [0x00000000c0000000, 0x00000000c5580000, 0x00000000eab00000)
  object space 87552K, 12% used [0x00000000c0000000,0x00000000c0a97de0,0x00000000c5580000)
 Metaspace       used 5523K, capacity 6768K, committed 7040K, reserved 1056768K
  class space    used 555K, capacity 616K, committed 640K, reserved 1048576K
}
Event: 2.353 GC heap before
{Heap before GC invocations=2 (full 0):
 PSYoungGen      total 38400K, used 38384K [0x00000000eab00000, 0x00000000ef600000, 0x0000000100000000)
  eden space 33280K, 100% used [0x00000000eab00000,0x00000000ecb80000,0x00000000ecb80000)
  from space 5120K, 99% used [0x00000000ecb80000,0x00000000ed07c390,0x00000000ed080000)
  to   space 5120K, 0% used [0x00000000ef100000,0x00000000ef100000,0x00000000ef600000)
 ParOldGen       total 87552K, used 10847K [0x00000000c0000000, 0x00000000c5580000, 0x00000000eab00000)
  object space 87552K, 12% used [0x00000000c0000000,0x00000000c0a97de0,0x00000000c5580000)
 Metaspace       used 5530K, capacity 6768K, committed 7040K, reserved 1056768K
  class space    used 555K, capacity 616K, committed 640K, reserved 1048576K
Event: 2.831 GC heap after
Heap after GC invocations=2 (full 0):
 PSYoungGen      total 71680K, used 5099K [0x00000000eab00000, 0x00000000ef600000, 0x0000000100000000)
  eden space 66560K, 0% used [0x00000000eab00000,0x00000000eab00000,0x00000000eec00000)
  from space 5120K, 99% used [0x00000000ef100000,0x00000000ef5fac08,0x00000000ef600000)
  to   space 5120K, 0% used [0x00000000eec00000,0x00000000eec00000,0x00000000ef100000)
 ParOldGen       total 87552K, used 33359K [0x00000000c0000000, 0x00000000c5580000, 0x00000000eab00000)
  object space 87552K, 38% used [0x00000000c0000000,0x00000000c2093da8,0x00000000c5580000)
 Metaspace       used 5530K, capacity 6768K, committed 7040K, reserved 1056768K
  class space    used 555K, capacity 616K, committed 640K, reserved 1048576K
}
Event: 3.419 GC heap before
{Heap before GC invocations=3 (full 0):
 PSYoungGen      total 71680K, used 71659K [0x00000000eab00000, 0x00000000ef600000, 0x0000000100000000)
  eden space 66560K, 100% used [0x00000000eab00000,0x00000000eec00000,0x00000000eec00000)
  from space 5120K, 99% used [0x00000000ef100000,0x00000000ef5fac08,0x00000000ef600000)
  to   space 5120K, 0% used [0x00000000eec00000,0x00000000eec00000,0x00000000ef100000)
 ParOldGen       total 87552K, used 33359K [0x00000000c0000000, 0x00000000c5580000, 0x00000000eab00000)
  object space 87552K, 38% used [0x00000000c0000000,0x00000000c2093da8,0x00000000c5580000)
 Metaspace       used 5541K, capacity 6768K, committed 7040K, reserved 1056768K
  class space    used 556K, capacity 616K, committed 640K, reserved 1048576K
Event: 3.653 GC heap after
Heap after GC invocations=3 (full 0):
 PSYoungGen      total 71680K, used 5099K [0x00000000eab00000, 0x00000000ef600000, 0x0000000100000000)
  eden space 66560K, 0% used [0x00000000eab00000,0x00000000eab00000,0x00000000eec00000)
  from space 5120K, 99% used [0x00000000eec00000,0x00000000ef0fac08,0x00000000ef100000)
  to   space 5120K, 0% used [0x00000000ef100000,0x00000000ef100000,0x00000000ef600000)
 ParOldGen       total 87552K, used 45691K [0x00000000c0000000, 0x00000000c5580000, 0x00000000eab00000)
  object space 87552K, 52% used [0x00000000c0000000,0x00000000c2c9ee38,0x00000000c5580000)
 Metaspace       used 5541K, capacity 6768K, committed 7040K, reserved 1056768K
  class space    used 556K, capacity 616K, committed 640K, reserved 1048576K
}
Event: 4.755 GC heap before
{Heap before GC invocations=4 (full 0):
 PSYoungGen      total 71680K, used 71659K [0x00000000eab00000, 0x00000000ef600000, 0x0000000100000000)
  eden space 66560K, 100% used [0x00000000eab00000,0x00000000eec00000,0x00000000eec00000)
  from space 5120K, 99% used [0x00000000eec00000,0x00000000ef0fac08,0x00000000ef100000)
  to   space 5120K, 0% used [0x00000000ef100000,0x00000000ef100000,0x00000000ef600000)
 ParOldGen       total 87552K, used 45691K [0x00000000c0000000, 0x00000000c5580000, 0x00000000eab00000)
  object space 87552K, 52% used [0x00000000c0000000,0x00000000c2c9ee38,0x00000000c5580000)
 Metaspace       used 5775K, capacity 6960K, committed 7040K, reserved 1056768K
  class space    used 558K, capacity 616K, committed 640K, reserved 1048576K
Event: 5.011 GC heap after
Heap after GC invocations=4 (full 0):
 PSYoungGen      total 71680K, used 5092K [0x00000000eab00000, 0x00000000ef600000, 0x0000000100000000)
  eden space 66560K, 0% used [0x00000000eab00000,0x00000000eab00000,0x00000000eec00000)
  from space 5120K, 99% used [0x00000000ef100000,0x00000000ef5f92b8,0x00000000ef600000)
  to   space 5120K, 0% used [0x00000000eec00000,0x00000000eec00000,0x00000000ef100000)
 ParOldGen       total 87552K, used 72565K [0x00000000c0000000, 0x00000000c5580000, 0x00000000eab00000)
  object space 87552K, 82% used [0x00000000c0000000,0x00000000c46dd538,0x00000000c5580000)
 Metaspace       used 5775K, capacity 6960K, committed 7040K, reserved 1056768K
  class space    used 558K, capacity 616K, committed 640K, reserved 1048576K
}
Event: 5.011 GC heap before
{Heap before GC invocations=5 (full 1):
 PSYoungGen      total 71680K, used 5092K [0x00000000eab00000, 0x00000000ef600000, 0x0000000100000000)
  eden space 66560K, 0% used [0x00000000eab00000,0x00000000eab00000,0x00000000eec00000)
  from space 5120K, 99% used [0x00000000ef100000,0x00000000ef5f92b8,0x00000000ef600000)
  to   space 5120K, 0% used [0x00000000eec00000,0x00000000eec00000,0x00000000ef100000)
 ParOldGen       total 87552K, used 72565K [0x00000000c0000000, 0x00000000c5580000, 0x00000000eab00000)
  object space 87552K, 82% used [0x00000000c0000000,0x00000000c46dd538,0x00000000c5580000)
 Metaspace       used 5775K, capacity 6960K, committed 7040K, reserved 1056768K
  class space    used 558K, capacity 616K, committed 640K, reserved 1048576K
Event: 6.434 GC heap after
Heap after GC invocations=5 (full 1):
 PSYoungGen      total 71680K, used 0K [0x00000000eab00000, 0x00000000ef600000, 0x0000000100000000)
  eden space 66560K, 0% used [0x00000000eab00000,0x00000000eab00000,0x00000000eec00000)
  from space 5120K, 0% used [0x00000000ef100000,0x00000000ef100000,0x00000000ef600000)
  to   space 5120K, 0% used [0x00000000eec00000,0x00000000eec00000,0x00000000ef100000)
 ParOldGen       total 87552K, used 32841K [0x00000000c0000000, 0x00000000c5580000, 0x00000000eab00000)
  object space 87552K, 37% used [0x00000000c0000000,0x00000000c2012628,0x00000000c5580000)
 Metaspace       used 5775K, capacity 6960K, committed 7040K, reserved 1056768K
  class space    used 558K, capacity 616K, committed 640K, reserved 1048576K
}

Deoptimization events (10 events):
Event: 3.933 Thread 0x00000000021ce800 Uncommon trap: reason=class_check action=maybe_recompile pc=0x000000000f29bda0 method=com.android.dx.ssa.NormalSsaInsn.accept(Lcom/android/dx/ssa/SsaInsn$Visitor;)V @ 9
Event: 3.933 Thread 0x00000000021ce800 Uncommon trap: reason=unstable_if action=reinterpret pc=0x000000000f40e254 method=com.android.dx.cf.code.Merger.isPossiblyAssignableFrom(Lcom/android/dx/rop/type/TypeBearer;Lcom/android/dx/rop/type/TypeBearer;)Z @ 131
Event: 3.967 Thread 0x00000000021ce800 Uncommon trap: reason=unstable_if action=reinterpret pc=0x000000000f41c20c method=com.android.dx.cf.code.RopperMachine.jopToRopOpcode(ILcom/android/dx/rop/cst/Constant;)I @ 986
Event: 3.968 Thread 0x00000000021ce800 Uncommon trap: reason=unstable_if action=reinterpret pc=0x000000000f46128c method=com.android.dx.ssa.SsaBasicBlock.newFromRop(Lcom/android/dx/rop/code/RopMethod;ILcom/android/dx/ssa/SsaMethod;)Lcom/android/dx/ssa/SsaBasicBlock; @ 164
Event: 3.977 Thread 0x00000000021ce800 Uncommon trap: reason=unstable_if action=reinterpret pc=0x000000000f412208 method=com.android.dx.cf.code.ByteCatchList.toTargetList(I)Lcom/android/dx/util/IntList; @ 53
Event: 3.980 Thread 0x00000000021ce800 Uncommon trap: reason=unstable_if action=reinterpret pc=0x000000000f48af64 method=com.android.dx.rop.code.BasicBlockList.preferredSuccessorOf(Lcom/android/dx/rop/code/BasicBlock;)Lcom/android/dx/rop/code/BasicBlock; @ 58
Event: 3.998 Thread 0x00000000021ce800 Uncommon trap: reason=null_check action=make_not_entrant pc=0x000000000f3a1350 method=com.android.dx.rop.type.Type.equals(Ljava/lang/Object;)Z @ 8
Event: 4.024 Thread 0x00000000021ce800 Uncommon trap: reason=class_check action=maybe_recompile pc=0x000000000f34e710 method=com.android.dx.ssa.NormalSsaInsn.accept(Lcom/android/dx/ssa/SsaInsn$Visitor;)V @ 9
Event: 4.183 Thread 0x00000000021ce800 Uncommon trap: reason=unstable_if action=reinterpret pc=0x000000000f409b84 method=com.android.dx.cf.code.ByteCatchList.listFor(I)Lcom/android/dx/cf/code/ByteCatchList; @ 47
Event: 4.183 Thread 0x00000000021ce800 Uncommon trap: reason=unstable_if action=reinterpret pc=0x000000000f40edfc method=com.android.dx.cf.code.ByteCatchList.listFor(I)Lcom/android/dx/cf/code/ByteCatchList; @ 47

Internal exceptions (3 events):
Event: 0.047 Thread 0x00000000021ce800 Exception <a 'java/lang/NoSuchMethodError': Method sun.misc.Unsafe.defineClass(Ljava/lang/String;[BII)Ljava/lang/Class; name or signature does not match> (0x00000000eab130f8) thrown at [D:\re\puppet\workspace\8-2-build-windows-amd64-cygwin\jdk8u73\6086\hot²Kîßtì§?
Event: 0.047 Thread 0x00000000021ce800 Exception <a 'java/lang/NoSuchMethodError': Method sun.misc.Unsafe.prefetchRead(Ljava/lang/Object;J)V name or signature does not match> (0x00000000eab133e0) thrown at [D:\re\puppet\workspace\8-2-build-windows-amd64-cygwin\jdk8u73\6086\hotspot\src\share\vm\Aõ:xû@
Event: 3.998 Thread 0x00000000021ce800 Implicit null exception at 0x000000000f3a1252 to 0x000000000f3a1342

Events (10 events):
Event: 6.606 Thread 0x00000000021ce800 DEOPT PACKING pc=0x000000000f50e950 sp=0x00000000023aed50
Event: 6.606 Thread 0x00000000021ce800 DEOPT UNPACKING pc=0x000000000f05747f sp=0x00000000023aead8 mode 0
Event: 6.632 Thread 0x00000000021ce800 DEOPT PACKING pc=0x000000000f50f634 sp=0x00000000023aec80
Event: 6.632 Thread 0x00000000021ce800 DEOPT UNPACKING pc=0x000000000f05747f sp=0x00000000023ae9c8 mode 0
Event: 6.680 Thread 0x00000000021ce800 DEOPT PACKING pc=0x000000000f5627a5 sp=0x00000000023aebe0
Event: 6.680 Thread 0x00000000021ce800 DEOPT UNPACKING pc=0x000000000f05747f sp=0x00000000023ae9d0 mode 0
Event: 6.686 Thread 0x00000000021ce800 DEOPT PACKING pc=0x000000000f560acb sp=0x00000000023aec10
Event: 6.686 Thread 0x00000000021ce800 DEOPT UNPACKING pc=0x000000000f05747f sp=0x00000000023ae9b8 mode 0
Event: 6.707 Thread 0x00000000021ce800 DEOPT PACKING pc=0x000000000f564812 sp=0x00000000023aec90
Event: 6.707 Thread 0x00000000021ce800 DEOPT UNPACKING pc=0x000000000f05747f sp=0x00000000023aea48 mode 0


Dynamic libraries:
0x000000013f3c0000 - 0x000000013f3f7000 	C:\Program Files\Java\jdk1.8.0_73\bin\java.exe
0x0000000076d30000 - 0x0000000076edb000 	C:\Windows\SYSTEM32\ntdll.dll
0x0000000076c10000 - 0x0000000076d2f000 	C:\Windows\system32\kernel32.dll
0x000007fefcd40000 - 0x000007fefcdab000 	C:\Windows\system32\KERNELBASE.dll
0x000007fefdd10000 - 0x000007fefddeb000 	C:\Windows\system32\ADVAPI32.dll
0x000007fefdb90000 - 0x000007fefdc2f000 	C:\Windows\system32\msvcrt.dll
0x000007fefd190000 - 0x000007fefd1af000 	C:\Windows\SYSTEM32\sechost.dll
0x000007fefd360000 - 0x000007fefd48e000 	C:\Windows\system32\RPCRT4.dll
0x0000000076b10000 - 0x0000000076c0a000 	C:\Windows\system32\USER32.dll
0x000007fefdb20000 - 0x000007fefdb87000 	C:\Windows\system32\GDI32.dll
0x000007fefe0d0000 - 0x000007fefe0de000 	C:\Windows\system32\LPK.dll
0x000007fefd0b0000 - 0x000007fefd17a000 	C:\Windows\system32\USP10.dll
0x000007fefb710000 - 0x000007fefb904000 	C:\Windows\WinSxS\amd64_microsoft.windows.common-controls_6595b64144ccf1df_6.0.7600.16385_none_fa645303170382f6\COMCTL32.dll
0x000007fefe050000 - 0x000007fefe0c1000 	C:\Windows\system32\SHLWAPI.dll
0x000007fefd510000 - 0x000007fefd53e000 	C:\Windows\system32\IMM32.DLL
0x000007fefd1b0000 - 0x000007fefd2b9000 	C:\Windows\system32\MSCTF.dll
0x000007fefcc50000 - 0x000007fefcc81000 	C:\Windows\system32\nvinitx.dll
0x000007fefcc40000 - 0x000007fefcc4c000 	C:\Windows\system32\VERSION.dll
0x000000000f000000 - 0x000000000f006000 	C:\Program Files\NVIDIA Corporation\CoProcManager\detoured.dll
0x000007fef9c90000 - 0x000007fef9cc1000 	C:\Program Files\NVIDIA Corporation\CoProcManager\nvd3d9wrapx.dll
0x000007fefd920000 - 0x000007fefdaf7000 	C:\Windows\system32\SETUPAPI.dll
0x000007fefcf40000 - 0x000007fefcf76000 	C:\Windows\system32\CFGMGR32.dll
0x000007fefdc30000 - 0x000007fefdd07000 	C:\Windows\system32\OLEAUT32.dll
0x000007fefddf0000 - 0x000007fefdff1000 	C:\Windows\system32\ole32.dll
0x000007fefcf20000 - 0x000007fefcf3a000 	C:\Windows\system32\DEVOBJ.dll
0x000007fef9c60000 - 0x000007fef9c82000 	C:\Program Files\NVIDIA Corporation\CoProcManager\nvdxgiwrapx.dll
0x00000000608d0000 - 0x00000000609a2000 	C:\Program Files\Java\jdk1.8.0_73\jre\bin\msvcr100.dll
0x000000005fbb0000 - 0x0000000060440000 	C:\Program Files\Java\jdk1.8.0_73\jre\bin\server\jvm.dll
0x000007fef81a0000 - 0x000007fef81a9000 	C:\Windows\system32\WSOCK32.dll
0x000007fefe000000 - 0x000007fefe04d000 	C:\Windows\system32\WS2_32.dll
0x000007fefd180000 - 0x000007fefd188000 	C:\Windows\system32\NSI.dll
0x000007fefadf0000 - 0x000007fefae2b000 	C:\Windows\system32\WINMM.dll
0x0000000076f00000 - 0x0000000076f07000 	C:\Windows\system32\PSAPI.DLL
0x0000000063900000 - 0x000000006390f000 	C:\Program Files\Java\jdk1.8.0_73\jre\bin\verify.dll
0x0000000063780000 - 0x00000000637a9000 	C:\Program Files\Java\jdk1.8.0_73\jre\bin\java.dll
0x0000000063800000 - 0x0000000063816000 	C:\Program Files\Java\jdk1.8.0_73\jre\bin\zip.dll
0x000007fefe210000 - 0x000007fefef96000 	C:\Windows\system32\SHELL32.dll
0x000007fefcc90000 - 0x000007fefcc9f000 	C:\Windows\system32\profapi.dll

VM Arguments:
jvm_args: -Djava.awt.headless=true -Xmx1024M -Dfile.encoding=windows-1251 -Duser.country=RU -Duser.language=ru -Duser.variant 
java_command: com.android.dx.command.Main --dex --force-jumbo --output C:\Files and Programs\Projects\AndroidWorkSpace\Fifteenbeta\app\build\intermediates\pre-dexed\debug\com.google.android.gms-play-services-ads-8.3.0_d4c095489e68a9b063af079e73e3d019259c7155.jar C:\Files and Programs\Projects\AndroidWorkSpace\Fifteenbeta\app\build\intermediates\exploded-aar\com.google.android.gms\play-services-ads\8.3.0\jars\classes.jar
java_class_path (initial): C:\Files and Programs\Program Files\AndroidSDK\build-tools\21.1.2\lib\dx.jar
Launcher Type: SUN_STANDARD

Environment Variables:
JAVA_HOME=C:\Program Files\Java\jdk1.8.0_73
PATH=C:\ProgramData\Oracle\Java\javapath;C:\Program Files (x86)\Common Files\Intel\Shared Files\cpp\bin\Intel64;C:\Program Files (x86)\Intel\iCLS Client\;C:\Program Files\Intel\iCLS Client\;C:\Windows\system32;C:\Windows;C:\Windows\System32\Wbem;C:\Windows\System32\WindowsPowerShell\v1.0\;C:\Program Files\Intel\Intel(R) Management Engine Components\DAL;C:\Program Files\Intel\Intel(R) Management Engine Components\IPT;C:\Program Files (x86)\Intel\Intel(R) Management Engine Components\DAL;C:\Program Files (x86)\Intel\Intel(R) Management Engine Components\IPT;C:\Program Files (x86)\Intel\OpenCL SDK\2.0\bin\x86;C:\Program Files (x86)\Intel\OpenCL SDK\2.0\bin\x64;C:\Program Files (x86)\NVIDIA Corporation\PhysX\Common;C:\Program Files (x86)\Common Files\Acronis\SnapAPI\;%JAVA_HOME%\bin;C:\Program Files (x86)\Skype\Phone\;E:\Program Files\DataBase\mysql-5.6.26-winx64\bin;C:\Program Files\Android\Android Studio\gradle\gradle-2.10\bin;C:\Files and Programs\Program Files\apache-maven-3.3.3\bin;C:\Program Files (x86)\QuickTime\QTSystem\;;C:\Program Files (x86)\Common Files\Acronis\TibMounter64;C:\Program Files (x86)\Common Files\Acronis\SnapAPI64;C:\Program Files (x86)\Common Files\Acronis\Tib64
USERNAME=Lokki
OS=Windows_NT
PROCESSOR_IDENTIFIER=Intel64 Family 6 Model 58 Stepping 9, GenuineIntel



---------------  S Y S T E M  ---------------

OS: Windows 7 , 64 bit Build 7600 (6.1.7600.16385)

CPU:total 4 (2 cores per cpu, 2 threads per core) family 6 model 58 stepping 9, cmov, cx8, fxsr, mmx, sse, sse2, sse3, ssse3, sse4.1, sse4.2, popcnt, aes, clmul, erms, ht, tsc, tscinvbit, tscinv

Memory: 4k page, physical 8288620k(864628k free), swap 8286716k(5148k free)

vm_info: Java HotSpot(TM) 64-Bit Server VM (25.73-b02) for windows-amd64 JRE (1.8.0_73-b02), built on Jan 29 2016 17:38:49 by "java_re" with MS VC++ 10.0 (VS2010)

time: Sun Apr 24 00:26:12 2016
elapsed time: 6 seconds (0d 0h 0m 6s)

