#
# There is insufficient memory for the Java Runtime Environment to continue.
# Native memory allocation (malloc) failed to allocate 502560 bytes for Chunk::new
# Possible reasons:
#   The system is out of physical RAM or swap space
#   In 32 bit mode, the process size limit was hit
# Possible solutions:
#   Reduce memory load on the system
#   Increase physical memory or swap space
#   Check if swap backing store is full
#   Use 64 bit Java on a 64 bit OS
#   Decrease Java heap size (-Xmx/-Xms)
#   Decrease number of Java threads
#   Decrease Java thread stack sizes (-Xss)
#   Set larger code cache with -XX:ReservedCodeCacheSize=
# This output file may be truncated or incomplete.
#
#  Out of Memory Error (allocation.cpp:390), pid=6264, tid=6172
#
# JRE version: Java(TM) SE Runtime Environment (8.0_73-b02) (build 1.8.0_73-b02)
# Java VM: Java HotSpot(TM) 64-Bit Server VM (25.73-b02 mixed mode windows-amd64 compressed oops)
# Failed to write core dump. Minidumps are not enabled by default on client versions of Windows
#

---------------  T H R E A D  ---------------

Current thread (0x00000000060d7000):  JavaThread "C2 CompilerThread0" daemon [_thread_in_native, id=6172, stack(0x0000000007b70000,0x0000000007c70000)]

Stack: [0x0000000007b70000,0x0000000007c70000]
[error occurred during error reporting (printing stack bounds), id 0xc0000005]

Native frames: (J=compiled Java code, j=interpreted, Vv=VM code, C=native code)


Current CompileTask:
C2:  16043 2507   !   4       com.android.dx.cf.code.Ropper::doit (126 bytes)


---------------  P R O C E S S  ---------------

Java Threads: ( => current thread )
  0x0000000007d09000 JavaThread "Service Thread" daemon [_thread_blocked, id=2780, stack(0x0000000008340000,0x0000000008440000)]
  0x0000000007c89800 JavaThread "C1 CompilerThread2" daemon [_thread_blocked, id=6356, stack(0x0000000008080000,0x0000000008180000)]
  0x00000000060db000 JavaThread "C2 CompilerThread1" daemon [_thread_in_native, id=6616, stack(0x0000000007810000,0x0000000007910000)]
=>0x00000000060d7000 JavaThread "C2 CompilerThread0" daemon [_thread_in_native, id=6172, stack(0x0000000007b70000,0x0000000007c70000)]
  0x00000000060d3800 JavaThread "Attach Listener" daemon [_thread_blocked, id=6472, stack(0x00000000079a0000,0x0000000007aa0000)]
  0x00000000060d1000 JavaThread "Signal Dispatcher" daemon [_thread_blocked, id=6208, stack(0x00000000076f0000,0x00000000077f0000)]
  0x0000000006071800 JavaThread "Finalizer" daemon [_thread_blocked, id=6460, stack(0x0000000007500000,0x0000000007600000)]
  0x0000000006070000 JavaThread "Reference Handler" daemon [_thread_blocked, id=4148, stack(0x00000000072e0000,0x00000000073e0000)]
  0x000000000216e800 JavaThread "main" [_thread_in_Java, id=6504, stack(0x0000000002420000,0x0000000002520000)]

Other Threads:
  0x000000000606a800 VMThread [stack: 0x0000000007100000,0x0000000007200000] [id=7024]
  0x0000000007d13000 WatcherThread [stack: 0x00000000073f0000,0x00000000074f0000] [id=2728]

VM state:not at safepoint (normal execution)

VM Mutex/Monitor currently owned by a thread: None

Heap:
 PSYoungGen      total 249344K, used 64602K [0x00000000eab00000, 0x0000000100000000, 0x0000000100000000)
  eden space 169984K, 38% used [0x00000000eab00000,0x00000000eea16a38,0x00000000f5100000)
  from space 79360K, 0% used [0x00000000fb280000,0x00000000fb280000,0x0000000100000000)
  to   space 89600K, 0% used [0x00000000f5100000,0x00000000f5100000,0x00000000fa880000)
 ParOldGen       total 246784K, used 133631K [0x00000000c0000000, 0x00000000cf100000, 0x00000000eab00000)
  object space 246784K, 54% used [0x00000000c0000000,0x00000000c827fc90,0x00000000cf100000)
 Metaspace       used 6113K, capacity 7152K, committed 7296K, reserved 1056768K
  class space    used 578K, capacity 616K, committed 640K, reserved 1048576K

Card table byte_map: [0x0000000002bb0000,0x0000000002dc0000] byte_map_base: 0x00000000025b0000

Marking Bits: (ParMarkBitMap*) 0x00000000603c0600
 Begin Bits: [0x00000000034e0000, 0x00000000044e0000)
 End Bits:   [0x00000000044e0000, 0x00000000054e0000)

Polling page: 0x00000000001c0000

CodeCache: size=245760Kb used=12599Kb max_used=12599Kb free=233160Kb
 bounds [0x000000000f010000, 0x000000000fc70000, 0x000000001e010000]
 total_blobs=2597 nmethods=2335 adapters=176
 compilation: enabled

Compilation events (10 events):
Event: 16.018 Thread 0x0000000007c89800 2544       3       com.android.dx.cf.direct.AnnotationParser::<init> (69 bytes)
Event: 16.019 Thread 0x0000000007c89800 nmethod 2544 0x000000000fc61f50 code [0x000000000fc62160, 0x000000000fc62ca8]
Event: 16.019 Thread 0x0000000007c89800 2546       3       com.android.dx.cf.direct.AnnotationParser::parseAnnotations (143 bytes)
Event: 16.021 Thread 0x0000000007c89800 nmethod 2546 0x000000000fc63290 code [0x000000000fc635c0, 0x000000000fc64fc8]
Event: 16.021 Thread 0x0000000007c89800 2545   !   3       com.android.dx.cf.direct.AnnotationParser::parseAnnotationAttribute (43 bytes)
Event: 16.022 Thread 0x0000000007c89800 nmethod 2545 0x000000000fc65d90 code [0x000000000fc65f40, 0x000000000fc66458]
Event: 16.027 Thread 0x0000000007c89800 2547       3       com.android.dx.rop.code.SwitchInsn::withNewRegisters (22 bytes)
Event: 16.027 Thread 0x0000000007c89800 nmethod 2547 0x000000000fc66750 code [0x000000000fc668c0, 0x000000000fc66be8]
Event: 16.037 Thread 0x0000000007c89800 2548       3       com.android.dx.cf.direct.StdAttributeFactory::runtimeVisibleAnnotations (44 bytes)
Event: 16.038 Thread 0x0000000007c89800 nmethod 2548 0x000000000fc66cd0 code [0x000000000fc66e80, 0x000000000fc67398]

GC Heap History (10 events):
Event: 12.567 GC heap before
{Heap before GC invocations=13 (full 2):
 PSYoungGen      total 262656K, used 258294K [0x00000000eab00000, 0x0000000100000000, 0x0000000100000000)
  eden space 193536K, 100% used [0x00000000eab00000,0x00000000f6800000,0x00000000f6800000)
  from space 69120K, 93% used [0x00000000fbc80000,0x00000000ffbbdae8,0x0000000100000000)
  to   space 77824K, 0% used [0x00000000f6800000,0x00000000f6800000,0x00000000fb400000)
 ParOldGen       total 137728K, used 48141K [0x00000000c0000000, 0x00000000c8680000, 0x00000000eab00000)
  object space 137728K, 34% used [0x00000000c0000000,0x00000000c2f03708,0x00000000c8680000)
 Metaspace       used 6065K, capacity 7152K, committed 7296K, reserved 1056768K
  class space    used 578K, capacity 616K, committed 640K, reserved 1048576K
Event: 12.625 GC heap after
Heap after GC invocations=13 (full 2):
 PSYoungGen      total 271360K, used 27567K [0x00000000eab00000, 0x0000000100000000, 0x0000000100000000)
  eden space 193536K, 0% used [0x00000000eab00000,0x00000000eab00000,0x00000000f6800000)
  from space 77824K, 35% used [0x00000000f6800000,0x00000000f82ebfa8,0x00000000fb400000)
  to   space 74752K, 0% used [0x00000000fb700000,0x00000000fb700000,0x0000000100000000)
 ParOldGen       total 137728K, used 66796K [0x00000000c0000000, 0x00000000c8680000, 0x00000000eab00000)
  object space 137728K, 48% used [0x00000000c0000000,0x00000000c413b1d0,0x00000000c8680000)
 Metaspace       used 6065K, capacity 7152K, committed 7296K, reserved 1056768K
  class space    used 578K, capacity 616K, committed 640K, reserved 1048576K
}
Event: 13.586 GC heap before
{Heap before GC invocations=14 (full 2):
 PSYoungGen      total 271360K, used 221103K [0x00000000eab00000, 0x0000000100000000, 0x0000000100000000)
  eden space 193536K, 100% used [0x00000000eab00000,0x00000000f6800000,0x00000000f6800000)
  from space 77824K, 35% used [0x00000000f6800000,0x00000000f82ebfa8,0x00000000fb400000)
  to   space 74752K, 0% used [0x00000000fb700000,0x00000000fb700000,0x0000000100000000)
 ParOldGen       total 137728K, used 66796K [0x00000000c0000000, 0x00000000c8680000, 0x00000000eab00000)
  object space 137728K, 48% used [0x00000000c0000000,0x00000000c413b1d0,0x00000000c8680000)
 Metaspace       used 6085K, capacity 7152K, committed 7296K, reserved 1056768K
  class space    used 578K, capacity 616K, committed 640K, reserved 1048576K
Event: 13.639 GC heap after
Heap after GC invocations=14 (full 2):
 PSYoungGen      total 265216K, used 40626K [0x00000000eab00000, 0x00000000ffa00000, 0x0000000100000000)
  eden space 196608K, 0% used [0x00000000eab00000,0x00000000eab00000,0x00000000f6b00000)
  from space 68608K, 59% used [0x00000000fb700000,0x00000000fdeac828,0x00000000ffa00000)
  to   space 73216K, 0% used [0x00000000f6b00000,0x00000000f6b00000,0x00000000fb280000)
 ParOldGen       total 137728K, used 75328K [0x00000000c0000000, 0x00000000c8680000, 0x00000000eab00000)
  object space 137728K, 54% used [0x00000000c0000000,0x00000000c49902a8,0x00000000c8680000)
 Metaspace       used 6085K, capacity 7152K, committed 7296K, reserved 1056768K
  class space    used 578K, capacity 616K, committed 640K, reserved 1048576K
}
Event: 14.154 GC heap before
{Heap before GC invocations=15 (full 2):
 PSYoungGen      total 265216K, used 237234K [0x00000000eab00000, 0x00000000ffa00000, 0x0000000100000000)
  eden space 196608K, 100% used [0x00000000eab00000,0x00000000f6b00000,0x00000000f6b00000)
  from space 68608K, 59% used [0x00000000fb700000,0x00000000fdeac828,0x00000000ffa00000)
  to   space 73216K, 0% used [0x00000000f6b00000,0x00000000f6b00000,0x00000000fb280000)
 ParOldGen       total 137728K, used 75328K [0x00000000c0000000, 0x00000000c8680000, 0x00000000eab00000)
  object space 137728K, 54% used [0x00000000c0000000,0x00000000c49902a8,0x00000000c8680000)
 Metaspace       used 6086K, capacity 7152K, committed 7296K, reserved 1056768K
  class space    used 578K, capacity 616K, committed 640K, reserved 1048576K
Event: 14.210 GC heap after
Heap after GC invocations=15 (full 2):
 PSYoungGen      total 269824K, used 73188K [0x00000000eab00000, 0x0000000100000000, 0x0000000100000000)
  eden space 196608K, 0% used [0x00000000eab00000,0x00000000eab00000,0x00000000f6b00000)
  from space 73216K, 99% used [0x00000000f6b00000,0x00000000fb279068,0x00000000fb280000)
  to   space 79360K, 0% used [0x00000000fb280000,0x00000000fb280000,0x0000000100000000)
 ParOldGen       total 137728K, used 87738K [0x00000000c0000000, 0x00000000c8680000, 0x00000000eab00000)
  object space 137728K, 63% used [0x00000000c0000000,0x00000000c55aeb20,0x00000000c8680000)
 Metaspace       used 6086K, capacity 7152K, committed 7296K, reserved 1056768K
  class space    used 578K, capacity 616K, committed 640K, reserved 1048576K
}
Event: 14.936 GC heap before
{Heap before GC invocations=16 (full 2):
 PSYoungGen      total 269824K, used 269796K [0x00000000eab00000, 0x0000000100000000, 0x0000000100000000)
  eden space 196608K, 100% used [0x00000000eab00000,0x00000000f6b00000,0x00000000f6b00000)
  from space 73216K, 99% used [0x00000000f6b00000,0x00000000fb279068,0x00000000fb280000)
  to   space 79360K, 0% used [0x00000000fb280000,0x00000000fb280000,0x0000000100000000)
 ParOldGen       total 137728K, used 87738K [0x00000000c0000000, 0x00000000c8680000, 0x00000000eab00000)
  object space 137728K, 63% used [0x00000000c0000000,0x00000000c55aeb20,0x00000000c8680000)
 Metaspace       used 6103K, capacity 7152K, committed 7296K, reserved 1056768K
  class space    used 578K, capacity 616K, committed 640K, reserved 1048576K
Event: 15.010 GC heap after
Heap after GC invocations=16 (full 2):
 PSYoungGen      total 249344K, used 55946K [0x00000000eab00000, 0x0000000100000000, 0x0000000100000000)
  eden space 169984K, 0% used [0x00000000eab00000,0x00000000eab00000,0x00000000f5100000)
  from space 79360K, 70% used [0x00000000fb280000,0x00000000fe922a88,0x0000000100000000)
  to   space 89600K, 0% used [0x00000000f5100000,0x00000000f5100000,0x00000000fa880000)
 ParOldGen       total 137728K, used 124006K [0x00000000c0000000, 0x00000000c8680000, 0x00000000eab00000)
  object space 137728K, 90% used [0x00000000c0000000,0x00000000c7919be0,0x00000000c8680000)
 Metaspace       used 6103K, capacity 7152K, committed 7296K, reserved 1056768K
  class space    used 578K, capacity 616K, committed 640K, reserved 1048576K
}
Event: 15.010 GC heap before
{Heap before GC invocations=17 (full 3):
 PSYoungGen      total 249344K, used 55946K [0x00000000eab00000, 0x0000000100000000, 0x0000000100000000)
  eden space 169984K, 0% used [0x00000000eab00000,0x00000000eab00000,0x00000000f5100000)
  from space 79360K, 70% used [0x00000000fb280000,0x00000000fe922a88,0x0000000100000000)
  to   space 89600K, 0% used [0x00000000f5100000,0x00000000f5100000,0x00000000fa880000)
 ParOldGen       total 137728K, used 124006K [0x00000000c0000000, 0x00000000c8680000, 0x00000000eab00000)
  object space 137728K, 90% used [0x00000000c0000000,0x00000000c7919be0,0x00000000c8680000)
 Metaspace       used 6103K, capacity 7152K, committed 7296K, reserved 1056768K
  class space    used 578K, capacity 616K, committed 640K, reserved 1048576K
Event: 15.822 GC heap after
Heap after GC invocations=17 (full 3):
 PSYoungGen      total 249344K, used 0K [0x00000000eab00000, 0x0000000100000000, 0x0000000100000000)
  eden space 169984K, 0% used [0x00000000eab00000,0x00000000eab00000,0x00000000f5100000)
  from space 79360K, 0% used [0x00000000fb280000,0x00000000fb280000,0x0000000100000000)
  to   space 89600K, 0% used [0x00000000f5100000,0x00000000f5100000,0x00000000fa880000)
 ParOldGen       total 246784K, used 133631K [0x00000000c0000000, 0x00000000cf100000, 0x00000000eab00000)
  object space 246784K, 54% used [0x00000000c0000000,0x00000000c827fc90,0x00000000cf100000)
 Metaspace       used 6103K, capacity 7152K, committed 7296K, reserved 1056768K
  class space    used 578K, capacity 616K, committed 640K, reserved 1048576K
}

Deoptimization events (10 events):
Event: 13.169 Thread 0x000000000216e800 Uncommon trap: reason=unstable_if action=reinterpret pc=0x000000000f8733f0 method=java.util.HashMap.getNode(ILjava/lang/Object;)Ljava/util/HashMap$Node; @ 84
Event: 13.202 Thread 0x000000000216e800 Uncommon trap: reason=unstable_if action=reinterpret pc=0x000000000fa021b4 method=java.util.HashMap.putVal(ILjava/lang/Object;Ljava/lang/Object;ZZ)Ljava/lang/Object; @ 109
Event: 13.388 Thread 0x000000000216e800 Uncommon trap: reason=unstable_if action=reinterpret pc=0x000000000f9296b4 method=java.util.HashMap.putVal(ILjava/lang/Object;Ljava/lang/Object;ZZ)Ljava/lang/Object; @ 109
Event: 14.814 Thread 0x000000000216e800 Uncommon trap: reason=unstable_if action=reinterpret pc=0x000000000fbc1b34 method=com.android.dx.ssa.back.FirstFitLocalCombiningAllocator.handleCheckCastResults()V @ 369
Event: 14.848 Thread 0x000000000216e800 Uncommon trap: reason=unstable_if action=reinterpret pc=0x000000000fb4633c method=com.android.dx.ssa.LocalVariableExtractor.doit()Lcom/android/dx/ssa/LocalVariableInfo; @ 7
Event: 14.848 Thread 0x000000000216e800 Uncommon trap: reason=unstable_if action=reinterpret pc=0x000000000fb861b8 method=java.util.ArrayList.<init>(I)V @ 5
Event: 14.848 Thread 0x000000000216e800 Uncommon trap: reason=unstable_if action=reinterpret pc=0x000000000fab9538 method=com.android.dx.rop.code.RegisterSpecSet.<init>(I)V @ 2
Event: 14.848 Thread 0x000000000216e800 Uncommon trap: reason=unstable_if action=reinterpret pc=0x000000000f39bb24 method=com.android.dx.rop.code.RegisterSpecSet.<init>(I)V @ 2
Event: 15.844 Thread 0x000000000216e800 Uncommon trap: reason=unstable_if action=reinterpret pc=0x000000000fba9f58 method=java.util.HashMap.putVal(ILjava/lang/Object;Ljava/lang/Object;ZZ)Ljava/lang/Object; @ 206
Event: 15.985 Thread 0x000000000216e800 Uncommon trap: reason=class_check action=maybe_recompile pc=0x000000000fa6b30c method=com.android.dx.ssa.SCCP.replaceConstants()V @ 127

Internal exceptions (6 events):
Event: 0.048 Thread 0x000000000216e800 Exception <a 'java/lang/NoSuchMethodError': Method sun.misc.Unsafe.defineClass(Ljava/lang/String;[BII)Ljava/lang/Class; name or signature does not match> (0x00000000eab130f8) thrown at [D:\re\puppet\workspace\8-2-build-windows-amd64-cygwin\jdk8u73\6086\hotñyæhhr®?
Event: 0.048 Thread 0x000000000216e800 Exception <a 'java/lang/NoSuchMethodError': Method sun.misc.Unsafe.prefetchRead(Ljava/lang/Object;J)V name or signature does not match> (0x00000000eab133e0) thrown at [D:\re\puppet\workspace\8-2-build-windows-amd64-cygwin\jdk8u73\6086\hotspot\src\share\vm\ò0âê¯@
Event: 4.993 Thread 0x000000000216e800 Implicit null exception at 0x000000000f38c552 to 0x000000000f38c642
Event: 8.574 Thread 0x000000000216e800 Exception <a 'java/lang/ArrayIndexOutOfBoundsException': 18> (0x00000000efda17a0) thrown at [D:\re\puppet\workspace\8-2-build-windows-amd64-cygwin\jdk8u73\6086\hotspot\src\share\vm\interpreter\interpreterRuntime.cpp, line 366]
Event: 8.574 Thread 0x000000000216e800 Exception <a 'java/lang/ArrayIndexOutOfBoundsException': 145> (0x00000000efda3320) thrown at [D:\re\puppet\workspace\8-2-build-windows-amd64-cygwin\jdk8u73\6086\hotspot\src\share\vm\interpreter\interpreterRuntime.cpp, line 366]
Event: 8.575 Thread 0x000000000216e800 Exception <a 'java/lang/ArrayIndexOutOfBoundsException'> (0x00000000efda4608) thrown at [D:\re\puppet\workspace\8-2-build-windows-amd64-cygwin\jdk8u73\6086\hotspot\src\share\vm\runtime\sharedRuntime.cpp, line 605]

Events (10 events):
Event: 15.967 Thread 0x000000000216e800 DEOPT UNPACKING pc=0x000000000f05747f sp=0x000000000251e1d0 mode 0
Event: 15.985 Thread 0x000000000216e800 Uncommon trap: trap_request=0xffffffde fr.pc=0x000000000fa6b30c
Event: 15.985 Thread 0x000000000216e800 DEOPT PACKING pc=0x000000000fa6b30c sp=0x000000000251e3d0
Event: 15.985 Thread 0x000000000216e800 DEOPT UNPACKING pc=0x000000000f05582a sp=0x000000000251e340 mode 2
Event: 15.994 Thread 0x000000000216e800 DEOPT PACKING pc=0x000000000fc0e354 sp=0x000000000251e430
Event: 15.994 Thread 0x000000000216e800 DEOPT UNPACKING pc=0x000000000f05747f sp=0x000000000251e1e8 mode 0
Event: 16.002 Thread 0x000000000216e800 DEOPT PACKING pc=0x000000000f986870 sp=0x000000000251e490
Event: 16.002 Thread 0x000000000216e800 DEOPT UNPACKING pc=0x000000000f05747f sp=0x000000000251e1c8 mode 0
Event: 16.002 Thread 0x000000000216e800 DEOPT PACKING pc=0x000000000f6a9845 sp=0x000000000251e2d0
Event: 16.002 Thread 0x000000000216e800 DEOPT UNPACKING pc=0x000000000f05747f sp=0x000000000251e030 mode 0


Dynamic libraries:
0x000000013f3c0000 - 0x000000013f3f7000 	C:\Program Files\Java\jdk1.8.0_73\bin\java.exe
0x0000000076d30000 - 0x0000000076edb000 	C:\Windows\SYSTEM32\ntdll.dll
0x0000000076c10000 - 0x0000000076d2f000 	C:\Windows\system32\kernel32.dll
0x000007fefcd40000 - 0x000007fefcdab000 	C:\Windows\system32\KERNELBASE.dll
0x000007fefdd10000 - 0x000007fefddeb000 	C:\Windows\system32\ADVAPI32.dll
0x000007fefdb90000 - 0x000007fefdc2f000 	C:\Windows\system32\msvcrt.dll
0x000007fefd190000 - 0x000007fefd1af000 	C:\Windows\SYSTEM32\sechost.dll
0x000007fefd360000 - 0x000007fefd48e000 	C:\Windows\system32\RPCRT4.dll
0x0000000076b10000 - 0x0000000076c0a000 	C:\Windows\system32\USER32.dll
0x000007fefdb20000 - 0x000007fefdb87000 	C:\Windows\system32\GDI32.dll
0x000007fefe0d0000 - 0x000007fefe0de000 	C:\Windows\system32\LPK.dll
0x000007fefd0b0000 - 0x000007fefd17a000 	C:\Windows\system32\USP10.dll
0x000007fefb710000 - 0x000007fefb904000 	C:\Windows\WinSxS\amd64_microsoft.windows.common-controls_6595b64144ccf1df_6.0.7600.16385_none_fa645303170382f6\COMCTL32.dll
0x000007fefe050000 - 0x000007fefe0c1000 	C:\Windows\system32\SHLWAPI.dll
0x000007fefd510000 - 0x000007fefd53e000 	C:\Windows\system32\IMM32.DLL
0x000007fefd1b0000 - 0x000007fefd2b9000 	C:\Windows\system32\MSCTF.dll
0x000007fefcc50000 - 0x000007fefcc81000 	C:\Windows\system32\nvinitx.dll
0x000007fefcc40000 - 0x000007fefcc4c000 	C:\Windows\system32\VERSION.dll
0x000000000f000000 - 0x000000000f006000 	C:\Program Files\NVIDIA Corporation\CoProcManager\detoured.dll
0x000007fef9c90000 - 0x000007fef9cc1000 	C:\Program Files\NVIDIA Corporation\CoProcManager\nvd3d9wrapx.dll
0x000007fefd920000 - 0x000007fefdaf7000 	C:\Windows\system32\SETUPAPI.dll
0x000007fefcf40000 - 0x000007fefcf76000 	C:\Windows\system32\CFGMGR32.dll
0x000007fefdc30000 - 0x000007fefdd07000 	C:\Windows\system32\OLEAUT32.dll
0x000007fefddf0000 - 0x000007fefdff1000 	C:\Windows\system32\ole32.dll
0x000007fefcf20000 - 0x000007fefcf3a000 	C:\Windows\system32\DEVOBJ.dll
0x000007fef9c60000 - 0x000007fef9c82000 	C:\Program Files\NVIDIA Corporation\CoProcManager\nvdxgiwrapx.dll
0x00000000608d0000 - 0x00000000609a2000 	C:\Program Files\Java\jdk1.8.0_73\jre\bin\msvcr100.dll
0x000000005fbb0000 - 0x0000000060440000 	C:\Program Files\Java\jdk1.8.0_73\jre\bin\server\jvm.dll
0x000007fef81a0000 - 0x000007fef81a9000 	C:\Windows\system32\WSOCK32.dll
0x000007fefe000000 - 0x000007fefe04d000 	C:\Windows\system32\WS2_32.dll
0x000007fefd180000 - 0x000007fefd188000 	C:\Windows\system32\NSI.dll
0x000007fefadf0000 - 0x000007fefae2b000 	C:\Windows\system32\WINMM.dll
0x0000000076f00000 - 0x0000000076f07000 	C:\Windows\system32\PSAPI.DLL
0x0000000063900000 - 0x000000006390f000 	C:\Program Files\Java\jdk1.8.0_73\jre\bin\verify.dll
0x0000000063780000 - 0x00000000637a9000 	C:\Program Files\Java\jdk1.8.0_73\jre\bin\java.dll
0x0000000063800000 - 0x0000000063816000 	C:\Program Files\Java\jdk1.8.0_73\jre\bin\zip.dll
0x000007fefe210000 - 0x000007fefef96000 	C:\Windows\system32\SHELL32.dll
0x000007fefcc90000 - 0x000007fefcc9f000 	C:\Windows\system32\profapi.dll

VM Arguments:
jvm_args: -Djava.awt.headless=true -Xmx1024M -Dfile.encoding=windows-1251 -Duser.country=RU -Duser.language=ru -Duser.variant 
java_command: com.android.dx.command.Main --dex --force-jumbo --output C:\Files and Programs\Projects\AndroidWorkSpace\Fifteenbeta\app\build\intermediates\pre-dexed\debug\com.google.android.gms-play-services-ads-8.3.0_d4c095489e68a9b063af079e73e3d019259c7155.jar C:\Files and Programs\Projects\AndroidWorkSpace\Fifteenbeta\app\build\intermediates\exploded-aar\com.google.android.gms\play-services-ads\8.3.0\jars\classes.jar
java_class_path (initial): C:\Files and Programs\Program Files\AndroidSDK\build-tools\21.1.2\lib\dx.jar
Launcher Type: SUN_STANDARD

Environment Variables:
JAVA_HOME=C:\Program Files\Java\jdk1.8.0_73
PATH=C:\ProgramData\Oracle\Java\javapath;C:\Program Files (x86)\Common Files\Intel\Shared Files\cpp\bin\Intel64;C:\Program Files (x86)\Intel\iCLS Client\;C:\Program Files\Intel\iCLS Client\;C:\Windows\system32;C:\Windows;C:\Windows\System32\Wbem;C:\Windows\System32\WindowsPowerShell\v1.0\;C:\Program Files\Intel\Intel(R) Management Engine Components\DAL;C:\Program Files\Intel\Intel(R) Management Engine Components\IPT;C:\Program Files (x86)\Intel\Intel(R) Management Engine Components\DAL;C:\Program Files (x86)\Intel\Intel(R) Management Engine Components\IPT;C:\Program Files (x86)\Intel\OpenCL SDK\2.0\bin\x86;C:\Program Files (x86)\Intel\OpenCL SDK\2.0\bin\x64;C:\Program Files (x86)\NVIDIA Corporation\PhysX\Common;C:\Program Files (x86)\Common Files\Acronis\SnapAPI\;%JAVA_HOME%\bin;C:\Program Files (x86)\Skype\Phone\;E:\Program Files\DataBase\mysql-5.6.26-winx64\bin;C:\Program Files\Android\Android Studio\gradle\gradle-2.10\bin;C:\Files and Programs\Program Files\apache-maven-3.3.3\bin;C:\Program Files (x86)\QuickTime\QTSystem\;;C:\Program Files (x86)\Common Files\Acronis\TibMounter64;C:\Program Files (x86)\Common Files\Acronis\SnapAPI64;C:\Program Files (x86)\Common Files\Acronis\Tib64
USERNAME=Lokki
OS=Windows_NT
PROCESSOR_IDENTIFIER=Intel64 Family 6 Model 58 Stepping 9, GenuineIntel



---------------  S Y S T E M  ---------------

OS: Windows 7 , 64 bit Build 7600 (6.1.7600.16385)

CPU:total 4 (2 cores per cpu, 2 threads per core) family 6 model 58 stepping 9, cmov, cx8, fxsr, mmx, sse, sse2, sse3, ssse3, sse4.1, sse4.2, popcnt, aes, clmul, erms, ht, tsc, tscinvbit, tscinv

Memory: 4k page, physical 8288620k(716100k free), swap 8286716k(5412k free)

vm_info: Java HotSpot(TM) 64-Bit Server VM (25.73-b02) for windows-amd64 JRE (1.8.0_73-b02), built on Jan 29 2016 17:38:49 by "java_re" with MS VC++ 10.0 (VS2010)

time: Sun Apr 24 00:27:21 2016
elapsed time: 16 seconds (0d 0h 0m 16s)

